C51 COMPILER V9.60.7.0   MY_GPIO                                                           11/09/2024 16:51:57 PAGE 1   


C51 COMPILER V9.60.7.0, COMPILATION OF MODULE MY_GPIO
OBJECT MODULE PLACED IN .\Release\Objects\my_gpio.obj
COMPILER INVOKED BY: C:\Keil_v5\C51\BIN\C51.EXE ..\..\User\my_gpio.c LARGE OPTIMIZE(8,SPEED) BROWSE INTVECTOR(0X000C) IN
                    -CDIR(..\..\Libraries\Include;..\..\User;..\..\User\lib;..\..\Hardware) INTERVAL(3) DEBUG OBJECTEXTEND PRINT(.\Release\Li
                    -stings\my_gpio.lst) OBJECT(.\Release\Objects\my_gpio.obj)

line level    source

   1          // GPIO配置的源文件
   2          #include "my_gpio.h"
   3          
   4          // 输出引脚初始化（测试用）
   5          // P1_1
   6          void output_pin_init(void)
   7          {
   8   1          P1_MD0 &= ~(GPIO_P11_MODE_SEL(0x1)); // 对应的寄存器先清零
   9   1          P1_MD0 |= GPIO_P11_MODE_SEL(0x1);    // 配置为输出模式
  10   1      
  11   1          FOUT_S11 = GPIO_FOUT_AF_FUNC; // 选择AF功能输出
  12   1      
  13   1          // 位操作
  14   1          P11 = 1;
  15   1      }
  16          
  17          /**
  18           * @brief P12配置为输出模式
  19          */
  20          void p12_output_config(void)
  21          {
  22   1          P1_MD0 &= ~(GPIO_P12_MODE_SEL(0x1)); // 对应的寄存器先清零
  23   1          P1_MD0 |= GPIO_P12_MODE_SEL(0x1);    // 配置为输出模式
  24   1      
  25   1          FOUT_S12 = GPIO_FOUT_AF_FUNC; // 选择AF功能输出
  26   1      
  27   1          P1_PU |= GPIO_P12_PULL_UP(0x01); // 内部的上拉电阻
  28   1          P1_PD |= GPIO_P12_PULL_PD(0x01); // 内部的下拉电阻
  29   1          // 配置完上下拉电阻后，这个引脚就相当于浮空状态，同时能够避免一些电路的干扰
  30   1      
  31   1          // 位操作
  32   1          P12 = 1;
  33   1      }
  34          
  35          
  36          /**
  37           * @brief P01配置为输出模式
  38           *        P01在开发板是连接到了LED6的正极
  39          */
  40          void p01_output_config(void)
  41          {
  42   1          P0_MD0 &= ~(GPIO_P01_MODE_SEL(0x1)); // 对应的寄存器先清零
  43   1          P0_MD0 |= GPIO_P01_MODE_SEL(0x1);    // 配置为输出模式
  44   1      
  45   1          FOUT_S01 = GPIO_FOUT_AF_FUNC; // 选择AF功能输出
  46   1      
  47   1          P0_PU |= GPIO_P01_PULL_UP(0x01); // 内部的上拉电阻
  48   1          P0_PD |= GPIO_P01_PULL_PD(0x01); // 内部的下拉电阻
  49   1          // 配置完上下拉电阻后，这个引脚就相当于浮空状态，同时能够避免一些电路的干扰
  50   1      
  51   1          // 位操作
  52   1          P01 = 0;
  53   1      }
C51 COMPILER V9.60.7.0   MY_GPIO                                                           11/09/2024 16:51:57 PAGE 2   

  54          
  55          
  56          /**
  57           * @brief P26配置为输出模式
  58          */
  59          void p26_output_config(void)
  60          {
  61   1          P2_MD1 &= ~(GPIO_P26_MODE_SEL(0x1)); // 对应的寄存器先清零
  62   1          P2_MD1 |= GPIO_P26_MODE_SEL(0x1);    // 配置为输出模式
  63   1      
  64   1          FOUT_S26 = GPIO_FOUT_AF_FUNC; // 选择AF功能输出
  65   1      
  66   1          P2_PU |= GPIO_P26_PULL_UP(0x01); // 内部的上拉电阻
  67   1          P2_PD |= GPIO_P26_PULL_PD(0x01); // 内部的下拉电阻
  68   1          // 配置完上下拉电阻后，这个引脚就相当于浮空状态，同时能够避免一些电路的干扰
  69   1      
  70   1          // 位操作
  71   1          P26 = 0;
  72   1      }
  73          
  74          
  75          


MODULE INFORMATION:   STATIC OVERLAYABLE
   CODE SIZE        =    105    ----
   CONSTANT SIZE    =   ----    ----
   XDATA SIZE       =   ----    ----
   PDATA SIZE       =   ----    ----
   DATA SIZE        =   ----    ----
   IDATA SIZE       =   ----    ----
   BIT SIZE         =   ----    ----
END OF MODULE INFORMATION.


C51 COMPILATION COMPLETE.  0 WARNING(S),  0 ERROR(S)
