C51 COMPILER V9.60.7.0   SYSTEM                                                            11/09/2024 16:51:57 PAGE 1   


C51 COMPILER V9.60.7.0, COMPILATION OF MODULE SYSTEM
OBJECT MODULE PLACED IN .\Release\Objects\system.obj
COMPILER INVOKED BY: C:\Keil_v5\C51\BIN\C51.EXE ..\..\Libraries\Source\system.c LARGE OPTIMIZE(8,SPEED) BROWSE INTVECTOR
                    -(0X000C) INCDIR(..\..\Libraries\Include;..\..\User;..\..\User\lib;..\..\Hardware) INTERVAL(3) DEBUG OBJECTEXTEND PRINT(.
                    -\Release\Listings\system.lst) OBJECT(.\Release\Objects\system.obj)

line level    source

   1          /**
   2           ******************************************************************************
   3           * @file    system.c
   4           * @author  HUGE-IC Application Team
   5           * @version V1.0.0
   6           * @date    01-05-2021
   7           * @brief   Main program body
   8           ******************************************************************************
   9           * @attention
  10           *
  11           * <h2><center>&copy; COPYRIGHT 2021 HUGE-IC</center></h2>
  12           *
  13           *
  14           *
  15           ******************************************************************************
  16           */
  17          
  18          /* Includes ------------------------------------------------------------------*/
  19          #include "include.h"
  20          
  21          /** @addtogroup Template_Project
  22           * @{
  23           */
  24          
  25          /* Private typedef -----------------------------------------------------------*/
  26          /* Private define ------------------------------------------------------------*/
  27          /* Private macro -------------------------------------------------------------*/
  28          /* Private variables ---------------------------------------------------------*/
  29          /* Private function prototypes -----------------------------------------------*/
  30          /* Private functions ---------------------------------------------------------*/
  31          
  32          /**
  33           * @brief  Delay function
  34           * @param  cnt : the number of cnt to delay
  35           * @retval None
  36           */
  37          void delay(u16 cnt)
  38          {
  39   1          while (cnt--)
  40   1          {
  41   2          }
  42   1      }
  43          
  44          /**
  45           * @brief  Delay function
  46           * @param  ms : the number of ms to delay
  47           * @retval None
  48           */
  49          void delay_ms(u16 ms)
  50          {
  51   1          while (ms--)
  52   1          {
  53   2              // WDT_KEY = WDT_KEY_VAL(0xAA); // 喂狗操作
C51 COMPILER V9.60.7.0   SYSTEM                                                            11/09/2024 16:51:57 PAGE 2   

  54   2              delay(1450);
  55   2              // delay(1140); // 调试得出的数值（由于这里加了喂狗操作，数值需要重新调整，不用原来的1450）
  56   2          }
  57   1      }
  58          
  59          /**
  60           * @brief  System initialization function
  61           * @param  None
  62           * @retval None
  63           */
  64          void system_init(void)
  65          {
  66   1          u8 i;
  67   1      
  68   1          CLK_ACON0 |= CLK_AIP_HRC_EN(0x1); // 使能 HIRC
  69   1          __HIRC_DELAY;                     // 该延迟不可删除,等待HIRC稳定并能保证烧录稳定性
  70   1          FLASH_TIMEREG0 = 0x55;
  71   1          /* 如果系统时钟配置为48mhz，则FLASH_TIMEREG1 = 0x54 */
  72   1          /* 如果系统时钟配置为24mhz-12mhz，则FLASH_TIMEREG1 = 0x50 */
  73   1          FLASH_TIMEREG1 = 0x5C;              // FLASH访问速度 = 系统时钟/4
  74   1          CLK_CON2 = 0x50 | CLK_SYS_DIV(0x0); // 系统时钟不分频 HIRC48M
  75   1          CLK_CON0 = CLK_SYSCLK_SEL(0x3);     // 系统时钟选择
  76   1          CLK_CON6 = CLK_FLASH_DIV(47);       // FLASH烧写时钟48分频：1M
  77   1          LVD_CON2 = 3;                       // 滤波周期
  78   1          LVD_CON1 &= ~(0x3);                 // VCC\VDD 低电滤波去抖功能
  79   1      
  80   1          // 初始化寄存器
  81   1          // FOUT_S00 ~ FOUT_SEL
  82   1          for (i = 0x18; i <= 0x32; i++)
  83   1          {
  84   2              *(unsigned char volatile xdata *)(IOFUNC_BASE + i) = 0x0;
  85   2          }
  86   1      
  87   1          __LOADER_CHIP_TRIM; // 装载芯片各个模块校准值
  88   1      }
  89          
  90          /*************************** (C) COPYRIGHT 2021 HUGE-IC ***** END OF FILE *****/


MODULE INFORMATION:   STATIC OVERLAYABLE
   CODE SIZE        =    255    ----
   CONSTANT SIZE    =   ----    ----
   XDATA SIZE       =   ----    ----
   PDATA SIZE       =   ----    ----
   DATA SIZE        =   ----    ----
   IDATA SIZE       =   ----    ----
   BIT SIZE         =   ----    ----
END OF MODULE INFORMATION.


C51 COMPILATION COMPLETE.  0 WARNING(S),  0 ERROR(S)
